============================================================
  Generated by:           Genus(TM) Synthesis Solution 25.13-s071_1
  Generated on:           May 22 2026  07:36:39 pm
  Module:                 counter
  Operating conditions:   _nominal_ 
  Interconnect mode:      global
  Area mode:              physical library
============================================================

Timing
--------

Clock  Period 
--------------
clk   10000.0 


  Cost    Critical         Violating 
 Group   Path Slack  TNS     Paths   
-------------------------------------
clk          2790.6   0.0          0 
default    No paths   0.0            
-------------------------------------
Total                 0.0          0 

Instance Count
--------------
Leaf Instance Count             88 
Physical Instance count          0 
Sequential Instance Count       16 
Combinational Instance Count    72 
Hierarchical Instance Count      0 

Area
----
Cell Area                          2511.936
Physical Cell Area                 0.000
Total Cell Area (Cell+Physical)    2511.936
Net Area                           1459.284
Total Area (Cell+Physical+Net)     3971.220

Max Fanout                         16 (n_75)
Min Fanout                         1 (n_0)
Average Fanout                     2.2
Terms to net ratio                 2.8696
Terms to instance ratio            3.7500
Runtime                            17.828617 seconds
Elapsed Runtime                    24 seconds
Genus peak memory usage            2693.65 
Innovus peak memory usage          no_value 
Hostname                           vlsi.iitgn.ac.in
