============================================================
  Generated by:           Genus(TM) Synthesis Solution 25.13-s071_1
  Generated on:           May 22 2026  07:36:39 pm
  Module:                 counter
  Operating conditions:   _nominal_ 
  Interconnect mode:      global
  Area mode:              physical library
============================================================


Path 1: MET (2791 ps) Late External Delay Assertion at pin borrow
          Group: clk
     Startpoint: (F) up_down
          Clock: (R) clk
       Endpoint: (R) borrow
          Clock: (R) clk

                     Capture       Launch     
        Clock Edge:+   10000            0     
        Drv Adjust:+       0            0     
       Src Latency:+       0            0     
       Net Latency:+       0 (I)        0 (I) 
           Arrival:=   10000            0     
                                              
      Output Delay:-    2000                  
     Required Time:=    8000                  
      Launch Clock:-       0                  
       Input Delay:-    2000                  
         Data Path:-    3209                  
             Slack:=    2791                  

Exceptions/Constraints:
  input_delay              2000            constraints.sdc_line_6_2_1    
  output_delay             2000            constraints.sdc_line_7_35_1   

#----------------------------------------------------------------------------------------
# Timing Point   Flags    Arc   Edge   Cell     Fanout Load Trans Delay Arrival Instance 
#                                                      (fF)  (ps)  (ps)   (ps)  Location 
#----------------------------------------------------------------------------------------
  up_down        -       -      F     (arrival)      3 10.8     0     0    2000    (-,-) 
  g2434__1705/Z  -       A3->Z  F     an03d1         2 11.5   128   272    2272    (-,-) 
  g2431__3680/ZN -       A1->ZN R     xn02d1         1  4.0   102   348    2620    (-,-) 
  g2427__4319/ZN -       A2->ZN F     nd12d1         2  8.5   131    85    2705    (-,-) 
  g2426__5107/ZN -       A2->ZN R     nr02d1         2  8.9   274   158    2864    (-,-) 
  g2412__2883/CO -       A->CO  R     ah01d1         1  3.4    95   186    3049    (-,-) 
  g2411__9315/ZN -       A1->ZN F     nd02d1         4 14.3   219   129    3178    (-,-) 
  g2407__6131/ZN -       A3->ZN R     nr03d1         4 11.7   742   394    3572    (-,-) 
  g2403__1617/ZN -       A1->ZN R     nr13d1         4 11.7   521   481    4054    (-,-) 
  g2395__2398/ZN -       A1->ZN R     nr13d1         4 11.7   521   464    4517    (-,-) 
  g2390__9315/ZN -       A1->ZN R     nr13d1         2  5.8   364   391    4909    (-,-) 
  g2384__5115/ZN -       A2->ZN F     nd12d1         3 11.0   186   141    5050    (-,-) 
  g2375__1617/ZN -       A3->ZN R     nr03d1         1  0.1   251   160    5209    (-,-) 
  borrow         <<<     -      R     (port)         -    -     -     0    5209    (-,-) 
#----------------------------------------------------------------------------------------

